0 info it worked if it ends with ok
1 verbose cli [ '/usr/local/bin/node', '/usr/local/bin/npm', 'run', 'casperjs' ]
2 info using npm@3.10.8
3 info using node@v6.4.0
4 verbose run-script [ 'precasperjs', 'casperjs', 'postcasperjs' ]
5 info lifecycle ingsoftware-unit-testing@0.0.1~precasperjs: ingsoftware-unit-testing@0.0.1
6 silly lifecycle ingsoftware-unit-testing@0.0.1~precasperjs: no script for precasperjs, continuing
7 info lifecycle ingsoftware-unit-testing@0.0.1~casperjs: ingsoftware-unit-testing@0.0.1
8 verbose lifecycle ingsoftware-unit-testing@0.0.1~casperjs: unsafe-perm in lifecycle true
9 verbose lifecycle ingsoftware-unit-testing@0.0.1~casperjs: PATH: /usr/local/lib/node_modules/npm/bin/node-gyp-bin:/home/kiriost/Desarrollo/ingsoftware/ingsoftware-unit-testing/node_modules/.bin:/usr/lib/jvm/java-8-openjdk/bin:/home/kiriost/.gem/ruby/2.3.0/bin:/usr/local/heroku/bin:./vendor/bin:./node_modules/.bin:/home/kiriost/Dropbox/dotfiles/scripts:/usr/local/sbin:/usr/local/bin:/usr/bin:/usr/bin/vendor_perl:/usr/bin/core_perl
10 verbose lifecycle ingsoftware-unit-testing@0.0.1~casperjs: CWD: /home/kiriost/Desarrollo/ingsoftware/ingsoftware-unit-testing
11 silly lifecycle ingsoftware-unit-testing@0.0.1~casperjs: Args: [ '-c', 'casperjs test integration_testing/tests' ]
12 silly lifecycle ingsoftware-unit-testing@0.0.1~casperjs: Returned: code: 1  signal: null
13 info lifecycle ingsoftware-unit-testing@0.0.1~casperjs: Failed to exec casperjs script
14 verbose stack Error: ingsoftware-unit-testing@0.0.1 casperjs: `casperjs test integration_testing/tests`
14 verbose stack Exit status 1
14 verbose stack     at EventEmitter.<anonymous> (/usr/local/lib/node_modules/npm/lib/utils/lifecycle.js:255:16)
14 verbose stack     at emitTwo (events.js:106:13)
14 verbose stack     at EventEmitter.emit (events.js:191:7)
14 verbose stack     at ChildProcess.<anonymous> (/usr/local/lib/node_modules/npm/lib/utils/spawn.js:40:14)
14 verbose stack     at emitTwo (events.js:106:13)
14 verbose stack     at ChildProcess.emit (events.js:191:7)
14 verbose stack     at maybeClose (internal/child_process.js:852:16)
14 verbose stack     at Process.ChildProcess._handle.onexit (internal/child_process.js:215:5)
15 verbose pkgid ingsoftware-unit-testing@0.0.1
16 verbose cwd /home/kiriost/Desarrollo/ingsoftware/ingsoftware-unit-testing
17 error Linux 4.7.5-1-ARCH
18 error argv "/usr/local/bin/node" "/usr/local/bin/npm" "run" "casperjs"
19 error node v6.4.0
20 error npm  v3.10.8
21 error code ELIFECYCLE
22 error ingsoftware-unit-testing@0.0.1 casperjs: `casperjs test integration_testing/tests`
22 error Exit status 1
23 error Failed at the ingsoftware-unit-testing@0.0.1 casperjs script 'casperjs test integration_testing/tests'.
23 error Make sure you have the latest version of node.js and npm installed.
23 error If you do, this is most likely a problem with the ingsoftware-unit-testing package,
23 error not with npm itself.
23 error Tell the author that this fails on your system:
23 error     casperjs test integration_testing/tests
23 error You can get information on how to open an issue for this project with:
23 error     npm bugs ingsoftware-unit-testing
23 error Or if that isn't available, you can get their info via:
23 error     npm owner ls ingsoftware-unit-testing
23 error There is likely additional logging output above.
24 verbose exit [ 1, true ]
